<?xml version="1.0" encoding="UTF-8"?>
<testng-results ignored="0" total="1" passed="1" failed="0" skipped="0">
  <reporter-output>
  </reporter-output>
  <suite started-at="2025-04-09T23:04:33 IST" name="Master Suite" finished-at="2025-04-09T23:04:43 IST" duration-ms="9642">
    <groups>
    </groups>
    <test started-at="2025-04-09T23:04:33 IST" name="Test" finished-at="2025-04-09T23:04:43 IST" duration-ms="9642">
      <class name="testCases.TC003_AddTocartIphone">
        <test-method is-config="true" signature="SetUp(java.lang.String,java.lang.String)[pri:0, instance:testCases.TC003_AddTocartIphone@2e9fda69]" started-at="2025-04-09T23:04:34 IST" name="SetUp" finished-at="2025-04-09T23:04:36 IST" duration-ms="2532" status="PASS">
          <params>
            <param index="0">
              <value>
                <![CDATA[Windows]]>
              </value>
            </param>
            <param index="1">
              <value>
                <![CDATA[chrome]]>
              </value>
            </param>
          </params>
          <reporter-output>
          </reporter-output>
        </test-method> <!-- SetUp -->
        <test-method signature="verify_AddcartIphone()[pri:0, instance:testCases.TC003_AddTocartIphone@2e9fda69]" started-at="2025-04-09T23:04:36 IST" name="verify_AddcartIphone" finished-at="2025-04-09T23:04:43 IST" duration-ms="6367" status="PASS">
          <reporter-output>
          </reporter-output>
        </test-method> <!-- verify_AddcartIphone -->
        <test-method is-config="true" signature="tearDown()[pri:0, instance:testCases.TC003_AddTocartIphone@2e9fda69]" started-at="2025-04-09T23:04:43 IST" name="tearDown" finished-at="2025-04-09T23:04:43 IST" duration-ms="374" status="PASS">
          <reporter-output>
          </reporter-output>
        </test-method> <!-- tearDown -->
      </class> <!-- testCases.TC003_AddTocartIphone -->
    </test> <!-- Test -->
  </suite> <!-- Master Suite -->
</testng-results>
