<?xml version="1.0" encoding="UTF-8"?>
<!-- Generated by org.testng.reporters.JUnitXMLReporter -->
<testsuite ignored="0" hostname="DESKTOP-72HVRCC" failures="1" tests="1" name="Test" time="3.317" errors="0" timestamp="2025-04-07T23:05:23 IST">
  <testcase classname="testCases.TC003_loginDDT" name="verify_loginDDT" time="0.0">
    <failure type="org.testng.TestNGException" message="
Method public void testCases.TC003_loginDDT.verify_loginDDT(java.lang.String,java.lang.String,java.lang.String) requires a @DataProvider named : LoginData in class org.testng.annotations.DataProvider">
      <![CDATA[org.testng.TestNGException: 
at java.base/java.util.ArrayList.forEach(ArrayList.java:1511)
... Removed 25 stack frames]]>
    </failure>
  </testcase> <!-- verify_loginDDT -->
</testsuite> <!-- Test -->
